<?xml version="1.0" encoding="UTF-8"?>
<!-- Generated by org.testng.reporters.JUnitReportReporter -->
<testsuite skipped="0" hostname="JCPSIL4YY" name="com.relayr.test.Search" tests="4" failures="0" timestamp="20 Mar 2018 10:11:07 GMT" time="69.819" errors="0">
  <testcase name="validateSearh" time="15.803" classname="com.relayr.test.Search"/>
  <testcase name="validateInvalidSearchText" time="13.646" classname="com.relayr.test.Search"/>
  <testcase name="validateSpellingSuggestion" time="23.047" classname="com.relayr.test.Search"/>
  <testcase name="validateAutoSuggestions" time="17.323" classname="com.relayr.test.Search"/>
</testsuite> <!-- com.relayr.test.Search -->
